2024-12-26T16:36:03.955+01:00  INFO 10420 --- [Aprende01] [restartedMain] com.daw2.aprende.Aprende01Application    : Starting Aprende01Application using Java 21.0.2 with PID 10420 (E:\DWES-Hugo-Moruno\Spring\Aprende01\target\classes started by hugom in E:\DWES-Hugo-Moruno\Spring\Aprende01)
2024-12-26T16:36:03.970+01:00  INFO 10420 --- [Aprende01] [restartedMain] com.daw2.aprende.Aprende01Application    : No active profile set, falling back to 1 default profile: "default"
2024-12-26T16:36:04.084+01:00  INFO 10420 --- [Aprende01] [restartedMain] .e.DevToolsPropertyDefaultsPostProcessor : Devtools property defaults active! Set 'spring.devtools.add-properties' to 'false' to disable
2024-12-26T16:36:04.085+01:00  INFO 10420 --- [Aprende01] [restartedMain] .e.DevToolsPropertyDefaultsPostProcessor : For additional web related logging consider setting the 'logging.level.web' property to 'DEBUG'
2024-12-26T16:36:05.134+01:00  INFO 10420 --- [Aprende01] [restartedMain] .s.d.r.c.RepositoryConfigurationDelegate : Bootstrapping Spring Data JPA repositories in DEFAULT mode.
2024-12-26T16:36:05.219+01:00  INFO 10420 --- [Aprende01] [restartedMain] .s.d.r.c.RepositoryConfigurationDelegate : Finished Spring Data repository scanning in 76 ms. Found 3 JPA repository interfaces.
2024-12-26T16:36:06.211+01:00  INFO 10420 --- [Aprende01] [restartedMain] o.s.b.w.embedded.tomcat.TomcatWebServer  : Tomcat initialized with port 80 (http)
2024-12-26T16:36:06.229+01:00  INFO 10420 --- [Aprende01] [restartedMain] o.apache.catalina.core.StandardService   : Starting service [Tomcat]
2024-12-26T16:36:06.229+01:00  INFO 10420 --- [Aprende01] [restartedMain] o.apache.catalina.core.StandardEngine    : Starting Servlet engine: [Apache Tomcat/10.1.31]
2024-12-26T16:36:06.316+01:00  INFO 10420 --- [Aprende01] [restartedMain] o.a.c.c.C.[Tomcat].[localhost].[/]       : Initializing Spring embedded WebApplicationContext
2024-12-26T16:36:06.317+01:00  INFO 10420 --- [Aprende01] [restartedMain] w.s.c.ServletWebServerApplicationContext : Root WebApplicationContext: initialization completed in 2231 ms
2024-12-26T16:36:06.365+01:00  INFO 10420 --- [Aprende01] [restartedMain] com.zaxxer.hikari.HikariDataSource       : HikariPool-1 - Starting...
2024-12-26T16:36:06.726+01:00  INFO 10420 --- [Aprende01] [restartedMain] com.zaxxer.hikari.pool.HikariPool        : HikariPool-1 - Added connection conn0: url=jdbc:h2:file:./bd_aprende01 user=
2024-12-26T16:36:06.728+01:00  INFO 10420 --- [Aprende01] [restartedMain] com.zaxxer.hikari.HikariDataSource       : HikariPool-1 - Start completed.
2024-12-26T16:36:06.741+01:00  INFO 10420 --- [Aprende01] [restartedMain] o.s.b.a.h2.H2ConsoleAutoConfiguration    : H2 console available at '/h2-console'. Database available at 'jdbc:h2:file:./bd_aprende01'
2024-12-26T16:36:07.073+01:00  INFO 10420 --- [Aprende01] [restartedMain] o.hibernate.jpa.internal.util.LogHelper  : HHH000204: Processing PersistenceUnitInfo [name: default]
2024-12-26T16:36:07.248+01:00  INFO 10420 --- [Aprende01] [restartedMain] org.hibernate.Version                    : HHH000412: Hibernate ORM core version 6.5.3.Final
2024-12-26T16:36:07.400+01:00  INFO 10420 --- [Aprende01] [restartedMain] o.h.c.internal.RegionFactoryInitiator    : HHH000026: Second-level cache disabled
2024-12-26T16:36:07.847+01:00  INFO 10420 --- [Aprende01] [restartedMain] o.s.o.j.p.SpringPersistenceUnitInfo      : No LoadTimeWeaver setup: ignoring JPA class transformer
2024-12-26T16:36:07.920+01:00  WARN 10420 --- [Aprende01] [restartedMain] org.hibernate.orm.deprecation            : HHH90000025: H2Dialect does not need to be specified explicitly using 'hibernate.dialect' (remove the property setting and it will be selected by default)
2024-12-26T16:36:08.953+01:00  INFO 10420 --- [Aprende01] [restartedMain] o.h.e.t.j.p.i.JtaPlatformInitiator       : HHH000489: No JTA platform available (set 'hibernate.transaction.jta.platform' to enable JTA platform integration)
2024-12-26T16:36:09.026+01:00  INFO 10420 --- [Aprende01] [restartedMain] j.LocalContainerEntityManagerFactoryBean : Initialized JPA EntityManagerFactory for persistence unit 'default'
2024-12-26T16:36:09.573+01:00  WARN 10420 --- [Aprende01] [restartedMain] JpaBaseConfiguration$JpaWebConfiguration : spring.jpa.open-in-view is enabled by default. Therefore, database queries may be performed during view rendering. Explicitly configure spring.jpa.open-in-view to disable this warning
2024-12-26T16:36:10.323+01:00  INFO 10420 --- [Aprende01] [restartedMain] o.s.b.d.a.OptionalLiveReloadServer       : LiveReload server is running on port 35729
2024-12-26T16:36:10.406+01:00  INFO 10420 --- [Aprende01] [restartedMain] o.s.b.w.embedded.tomcat.TomcatWebServer  : Tomcat started on port 80 (http) with context path '/'
2024-12-26T16:36:10.418+01:00  INFO 10420 --- [Aprende01] [restartedMain] com.daw2.aprende.Aprende01Application    : Started Aprende01Application in 7.176 seconds (process running for 9.016)
2024-12-26T16:40:04.505+01:00  INFO 10420 --- [Aprende01] [SpringApplicationShutdownHook] j.LocalContainerEntityManagerFactoryBean : Closing JPA EntityManagerFactory for persistence unit 'default'
2024-12-26T16:40:04.509+01:00  INFO 10420 --- [Aprende01] [SpringApplicationShutdownHook] com.zaxxer.hikari.HikariDataSource       : HikariPool-1 - Shutdown initiated...
2024-12-26T16:40:04.511+01:00  INFO 10420 --- [Aprende01] [SpringApplicationShutdownHook] com.zaxxer.hikari.HikariDataSource       : HikariPool-1 - Shutdown completed.
